2017-07-24 16:10:32,908 INFO 30592 [egg:logger] init all loggers with options: {"dir":"/home/ken/Github/egg-example/logs/egg-example","encoding":"utf8","env":"unittest","level":"INFO","consoleLevel":"WARN","disableConsoleAfterReady":false,"outputJSON":false,"buffer":false,"appLogName":"egg-example-web.log","coreLogName":"egg-web.log","agentLogName":"egg-agent.log","errorLogName":"common-error.log","coreLogger":{},"type":"application"}
2017-07-24 16:10:32,919 INFO 30592 [egg-schedule]: register schedule egg-schedule:/home/ken/Github/egg-example/node_modules/egg-logrotator/app/schedule/clean_log.js
2017-07-24 16:10:32,919 INFO 30592 [egg-schedule]: register schedule egg-schedule:/home/ken/Github/egg-example/node_modules/egg-logrotator/app/schedule/rotate_by_file.js
2017-07-24 16:10:32,942 INFO 30592 [egg-static] starting static serve /public/ -> /home/ken/Github/egg-example/app/public
2017-07-24 16:10:32,944 INFO 30592 [egg-security] use csrf middleware
2017-07-24 16:10:32,944 INFO 30592 [egg-security] use methodnoallow middleware
2017-07-24 16:10:32,944 INFO 30592 [egg-security] use noopen middleware
2017-07-24 16:10:32,945 INFO 30592 [egg-security] use nosniff middleware
2017-07-24 16:10:32,945 INFO 30592 [egg-security] use xssProtection middleware
2017-07-24 16:10:32,945 INFO 30592 [egg-security] use xframe middleware
2017-07-24 16:10:32,945 INFO 30592 [egg-security] use dta middleware
2017-07-24 16:10:32,945 INFO 30592 [egg-security] compose 7 middlewares into one security middleware
2017-07-24 16:10:32,959 INFO 30592 [egg-watcher:app] watcher start success
2017-07-24 16:11:38,089 INFO 30673 [egg:logger] init all loggers with options: {"dir":"/home/ken/Github/egg-example/logs/egg-example","encoding":"utf8","env":"local","level":"INFO","consoleLevel":"INFO","disableConsoleAfterReady":false,"outputJSON":false,"buffer":true,"appLogName":"egg-example-web.log","coreLogName":"egg-web.log","agentLogName":"egg-agent.log","errorLogName":"common-error.log","coreLogger":{"consoleLevel":"WARN"},"type":"application"}
2017-07-24 16:11:38,104 INFO 30673 [egg-schedule]: register schedule egg-schedule:/home/ken/Github/egg-example/node_modules/egg-logrotator/app/schedule/clean_log.js
2017-07-24 16:11:38,104 INFO 30673 [egg-schedule]: register schedule egg-schedule:/home/ken/Github/egg-example/node_modules/egg-logrotator/app/schedule/rotate_by_file.js
2017-07-24 16:11:38,126 INFO 30673 [egg-static] starting static serve /public/ -> /home/ken/Github/egg-example/app/public
2017-07-24 16:11:38,127 INFO 30673 [egg-security] use csrf middleware
2017-07-24 16:11:38,127 INFO 30673 [egg-security] use methodnoallow middleware
2017-07-24 16:11:38,128 INFO 30673 [egg-security] use noopen middleware
2017-07-24 16:11:38,128 INFO 30673 [egg-security] use nosniff middleware
2017-07-24 16:11:38,128 INFO 30673 [egg-security] use xssProtection middleware
2017-07-24 16:11:38,128 INFO 30673 [egg-security] use xframe middleware
2017-07-24 16:11:38,128 INFO 30673 [egg-security] use dta middleware
2017-07-24 16:11:38,128 INFO 30673 [egg-security] compose 7 middlewares into one security middleware
2017-07-24 16:11:38,150 INFO 30673 [egg-watcher:app] watcher start success
2017-07-24 16:11:39,613 INFO 30684 [egg:logger] init all loggers with options: {"dir":"/home/ken/Github/egg-example/logs/egg-example","encoding":"utf8","env":"local","level":"INFO","consoleLevel":"INFO","disableConsoleAfterReady":false,"outputJSON":false,"buffer":true,"appLogName":"egg-example-web.log","coreLogName":"egg-web.log","agentLogName":"egg-agent.log","errorLogName":"common-error.log","coreLogger":{"consoleLevel":"WARN"},"type":"application"}
2017-07-24 16:11:39,629 INFO 30684 [egg-schedule]: register schedule egg-schedule:/home/ken/Github/egg-example/node_modules/egg-logrotator/app/schedule/clean_log.js
2017-07-24 16:11:39,629 INFO 30684 [egg-schedule]: register schedule egg-schedule:/home/ken/Github/egg-example/node_modules/egg-logrotator/app/schedule/rotate_by_file.js
2017-07-24 16:11:39,651 INFO 30684 [egg-static] starting static serve /public/ -> /home/ken/Github/egg-example/app/public
2017-07-24 16:11:39,653 INFO 30684 [egg-security] use csrf middleware
2017-07-24 16:11:39,653 INFO 30684 [egg-security] use methodnoallow middleware
2017-07-24 16:11:39,653 INFO 30684 [egg-security] use noopen middleware
2017-07-24 16:11:39,653 INFO 30684 [egg-security] use nosniff middleware
2017-07-24 16:11:39,653 INFO 30684 [egg-security] use xssProtection middleware
2017-07-24 16:11:39,654 INFO 30684 [egg-security] use xframe middleware
2017-07-24 16:11:39,654 INFO 30684 [egg-security] use dta middleware
2017-07-24 16:11:39,654 INFO 30684 [egg-security] compose 7 middlewares into one security middleware
2017-07-24 16:11:39,677 INFO 30684 [egg-watcher:app] watcher start success
2017-07-24 16:11:48,751 INFO 30684 [egg-view-nunjucks] loading templates from ["/home/ken/Github/egg-example/app/view"]
2017-07-24 17:25:01,302 INFO 537 [egg:logger] init all loggers with options: {"dir":"/home/ken/Github/egg-example/logs/egg-example","encoding":"utf8","env":"local","level":"INFO","consoleLevel":"INFO","disableConsoleAfterReady":false,"outputJSON":false,"buffer":true,"appLogName":"egg-example-web.log","coreLogName":"egg-web.log","agentLogName":"egg-agent.log","errorLogName":"common-error.log","coreLogger":{"consoleLevel":"WARN"},"type":"application"}
2017-07-24 17:25:01,316 INFO 537 [egg-schedule]: register schedule egg-schedule:/home/ken/Github/egg-example/node_modules/egg-logrotator/app/schedule/clean_log.js
2017-07-24 17:25:01,316 INFO 537 [egg-schedule]: register schedule egg-schedule:/home/ken/Github/egg-example/node_modules/egg-logrotator/app/schedule/rotate_by_file.js
2017-07-24 17:25:01,337 INFO 537 [egg-static] starting static serve /public/ -> /home/ken/Github/egg-example/app/public
2017-07-24 17:25:01,339 INFO 537 [egg-security] use csrf middleware
2017-07-24 17:25:01,339 INFO 537 [egg-security] use methodnoallow middleware
2017-07-24 17:25:01,339 INFO 537 [egg-security] use noopen middleware
2017-07-24 17:25:01,339 INFO 537 [egg-security] use nosniff middleware
2017-07-24 17:25:01,340 INFO 537 [egg-security] use xssProtection middleware
2017-07-24 17:25:01,340 INFO 537 [egg-security] use xframe middleware
2017-07-24 17:25:01,340 INFO 537 [egg-security] use dta middleware
2017-07-24 17:25:01,340 INFO 537 [egg-security] compose 7 middlewares into one security middleware
2017-07-24 17:25:01,363 INFO 537 [egg-watcher:app] watcher start success
2017-07-24 17:25:06,327 INFO 537 [egg-view-nunjucks] loading templates from ["/home/ken/Github/egg-example/app/view"]
